2021-03-17 03:17:12 - c_csn.py:65 - root - start reading data from ./input/gene.tsv, log file is ./gene.tsv_20210317031712.log
2021-03-17 03:17:12 - c_csn.py:70 - root - finish reading data from ./input/gene.tsv
2021-03-17 03:17:12 - c_csn.py:125 - root - start construction cell-specific network 
2021-03-17 03:17:12 - c_csn.py:152 - root - finish caculate the neighborhood of each gene for each cell
2021-03-17 03:19:15 - c_csn.py:125 - root - start construction cell-specific network 
2021-03-17 03:19:15 - c_csn.py:152 - root - finish caculate the neighborhood of each gene for each cell
2021-03-17 03:19:33 - c_csn.py:125 - root - start construction cell-specific network 
2021-03-17 03:19:33 - c_csn.py:152 - root - finish caculate the neighborhood of each gene for each cell
2021-03-17 03:19:33 - c_csn.py:230 - root - Cell CSM5FZ3T specific network is completed
2021-03-17 03:19:34 - c_csn.py:230 - root - Cell CSM5FZ46 specific network is completed
2021-03-17 03:19:34 - c_csn.py:230 - root - Cell CSM5FZ4C specific network is completed
2021-03-17 03:19:35 - c_csn.py:230 - root - Cell CSM5FZ4G specific network is completed
2021-03-17 03:19:35 - c_csn.py:230 - root - Cell CSM5FZ4K specific network is completed
2021-03-17 03:19:36 - c_csn.py:230 - root - Cell CSM5LLGB specific network is completed
2021-03-17 03:19:36 - c_csn.py:230 - root - Cell CSM5MCTZ specific network is completed
2021-03-17 03:19:37 - c_csn.py:230 - root - Cell CSM5MCU4 specific network is completed
2021-03-17 03:19:37 - c_csn.py:230 - root - Cell CSM5MCU8 specific network is completed
2021-03-17 03:19:38 - c_csn.py:230 - root - Cell CSM5MCUC specific network is completed
2021-03-17 03:19:38 - c_csn.py:230 - root - Cell CSM5MCUE specific network is completed
2021-03-17 03:19:38 - c_csn.py:230 - root - Cell CSM5MCUG specific network is completed
2021-03-17 03:19:39 - c_csn.py:230 - root - Cell CSM5MCUK specific network is completed
2021-03-17 03:19:39 - c_csn.py:230 - root - Cell CSM5MCUQ specific network is completed
2021-03-17 03:19:40 - c_csn.py:230 - root - Cell CSM5MCUW specific network is completed
2021-03-17 03:19:40 - c_csn.py:230 - root - Cell CSM5MCUY specific network is completed
2021-03-17 03:19:41 - c_csn.py:230 - root - Cell CSM5MCV1 specific network is completed
2021-03-17 03:19:41 - c_csn.py:230 - root - Cell CSM5MCVJ specific network is completed
2021-03-17 03:19:42 - c_csn.py:230 - root - Cell CSM5MCVV specific network is completed
2021-03-17 03:19:42 - c_csn.py:231 - root - Finished all 19 cell specific networks
